{
  "RSpec": {
    "coverage": {
      "/Users/Marthyn/Code/MedischRekenenArcade/config/environment.rb": [
        null,
        1,
        null,
        null,
        1,
        null
      ],
      "/Users/Marthyn/Code/MedischRekenenArcade/config/application.rb": [
        1,
        null,
        1,
        1,
        null,
        null,
        null,
        1,
        null,
        1,
        1,
        1,
        null,
        null,
        1,
        null,
        null,
        null,
        null,
        null,
        null,
        null,
        null,
        null,
        null,
        null,
        1,
        null,
        null
      ],
      "/Users/Marthyn/Code/MedischRekenenArcade/config/boot.rb": [
        null,
        1,
        null,
        1
      ],
      "/Users/Marthyn/Code/MedischRekenenArcade/config/environments/test.rb": [
        1,
        null,
        1,
        null,
        null,
        null,
        null,
        null,
        null,
        1,
        null,
        null,
        null,
        null,
        1,
        null,
        null,
        1,
        1,
        null,
        null,
        1,
        1,
        null,
        null,
        1,
        null,
        null,
        1,
        null,
        null,
        null,
        null,
        1,
        null,
        null,
        1,
        null
      ],
      "/Users/Marthyn/Code/MedischRekenenArcade/config/initializers/backtrace_silencers.rb": [
        null,
        null,
        null,
        null,
        null,
        null,
        null
      ],
      "/Users/Marthyn/Code/MedischRekenenArcade/config/initializers/devise.rb": [
        null,
        null,
        1,
        null,
        null,
        null,
        1,
        null,
        null,
        null,
        null,
        null,
        1,
        null,
        null,
        1,
        null,
        null,
        null,
        null,
        null,
        1,
        null,
        null,
        null,
        null,
        null,
        null,
        null,
        null,
        null,
        1,
        null,
        null,
        null,
        null,
        null,
        null,
        null,
        null,
        null,
        null,
        1,
        null,
        null,
        null,
        null,
        1,
        null,
        null,
        null,
        null,
        null,
        null,
        null,
        null,
        null,
        null,
        null,
        null,
        null,
        null,
        null,
        null,
        null,
        null,
        null,
        null,
        null,
        null,
        null,
        null,
        null,
        null,
        null,
        null,
        null,
        null,
        1,
        null,
        null,
        null,
        null,
        null,
        null,
        null,
        null,
        null,
        null,
        null,
        null,
        null,
        null,
        1,
        null,
        null,
        null,
        null,
        null,
        null,
        null,
        null,
        null,
        null,
        null,
        null,
        null,
        null,
        null,
        null,
        null,
        null,
        1,
        null,
        null,
        null,
        null,
        null,
        1,
        null,
        null,
        null,
        null,
        null,
        null,
        null,
        null,
        null,
        null,
        null,
        null,
        null,
        null,
        null,
        null,
        null,
        1,
        null,
        null,
        null,
        null,
        1,
        null,
        null,
        null,
        null,
        1,
        null,
        null,
        null,
        null,
        null,
        null,
        null,
        null,
        null,
        null,
        null,
        null,
        null,
        null,
        null,
        null,
        null,
        null,
        null,
        null,
        null,
        null,
        null,
        null,
        null,
        null,
        null,
        null,
        null,
        null,
        null,
        null,
        null,
        null,
        null,
        null,
        null,
        null,
        1,
        null,
        null,
        null,
        null,
        null,
        null,
        null,
        null,
        null,
        null,
        null,
        null,
        null,
        null,
        null,
        null,
        null,
        null,
        null,
        null,
        null,
        null,
        null,
        null,
        null,
        null,
        null,
        null,
        null,
        null,
        null,
        null,
        null,
        null,
        null,
        null,
        null,
        1,
        null,
        null,
        null,
        null,
        null,
        null,
        null,
        null,
        null,
        null,
        null,
        null,
        null,
        null,
        null,
        null,
        null,
        null,
        null,
        null,
        null,
        null,
        null,
        null,
        null,
        null,
        null,
        null,
        null
      ],
      "/Users/Marthyn/Code/MedischRekenenArcade/config/initializers/filter_parameter_logging.rb": [
        null,
        null,
        null,
        1
      ],
      "/Users/Marthyn/Code/MedischRekenenArcade/config/initializers/inflections.rb": [
        null,
        null,
        null,
        null,
        null,
        null,
        null,
        null,
        null,
        null,
        null,
        null,
        null,
        null,
        null,
        null
      ],
      "/Users/Marthyn/Code/MedischRekenenArcade/config/initializers/mime_types.rb": [
        null,
        null,
        null,
        null,
        null
      ],
      "/Users/Marthyn/Code/MedischRekenenArcade/config/initializers/redis.rb": [
        1,
        0,
        0,
        null,
        1,
        null
      ],
      "/Users/Marthyn/Code/MedischRekenenArcade/config/initializers/secret_token.rb": [
        null,
        null,
        null,
        null,
        null,
        null,
        null,
        null,
        null,
        null,
        null,
        1
      ],
      "/Users/Marthyn/Code/MedischRekenenArcade/config/initializers/session_store.rb": [
        null,
        null,
        1
      ],
      "/Users/Marthyn/Code/MedischRekenenArcade/config/initializers/wrap_parameters.rb": [
        null,
        null,
        null,
        null,
        null,
        null,
        1,
        1,
        null,
        null,
        null,
        null,
        null,
        null
      ],
      "/Users/Marthyn/Code/MedischRekenenArcade/spec/factories.rb": [
        1,
        1,
        null,
        null,
        null,
        1,
        1,
        null,
        null,
        1,
        4,
        null,
        null,
        1,
        31,
        null,
        null,
        1,
        null,
        null,
        null,
        1,
        34,
        34,
        34,
        34,
        1,
        1,
        null,
        null,
        1,
        1,
        1,
        null,
        null,
        1,
        10,
        10,
        10,
        10,
        10,
        null,
        null,
        1,
        1,
        1,
        7,
        7,
        null,
        null,
        1,
        1,
        1,
        null,
        null
      ],
      "/Users/Marthyn/Code/MedischRekenenArcade/config/routes.rb": [
        1,
        1,
        null,
        1,
        null,
        1,
        null,
        1,
        null,
        1,
        null,
        1,
        null,
        1,
        null,
        1,
        null
      ],
      "/Users/Marthyn/Code/MedischRekenenArcade/app/models/user.rb": [
        null,
        null,
        null,
        null,
        null,
        null,
        null,
        null,
        null,
        null,
        null,
        null,
        null,
        null,
        null,
        null,
        null,
        null,
        null,
        null,
        null,
        null,
        null,
        null,
        null,
        null,
        null,
        1,
        null,
        null,
        1,
        null,
        null,
        1,
        1,
        1,
        null,
        1,
        1,
        1,
        1,
        null,
        null,
        1,
        null,
        1,
        1,
        null,
        1,
        19,
        null,
        null,
        1,
        8,
        null,
        null,
        1,
        0,
        null,
        null,
        1,
        1,
        35,
        null,
        null,
        null
      ],
      "/Users/Marthyn/Code/MedischRekenenArcade/app/helpers/home_helper.rb": [
        1,
        1,
        1,
        1,
        null,
        1,
        2,
        1,
        null,
        1,
        null,
        null,
        null,
        1,
        2,
        1,
        null,
        1,
        null,
        null,
        null,
        1,
        6,
        6,
        1,
        5,
        3,
        2,
        1,
        null,
        1,
        null,
        null,
        null
      ],
      "/Users/Marthyn/Code/MedischRekenenArcade/spec/support/devise.rb": [
        1,
        1,
        null
      ],
      "/Users/Marthyn/Code/MedischRekenenArcade/app/controllers/answers_controller.rb": [
        1,
        null,
        1,
        1,
        1,
        14,
        14,
        null,
        14,
        null,
        14,
        14,
        14,
        null,
        null,
        14,
        14,
        null,
        0,
        null,
        null,
        null,
        1,
        1,
        28,
        null,
        null,
        1,
        14,
        null,
        null
      ],
      "/Users/Marthyn/Code/MedischRekenenArcade/lib/answer_handler.rb": [
        1,
        1,
        49,
        null,
        null,
        1,
        4,
        null,
        null,
        1,
        40,
        null,
        null,
        1,
        2,
        null,
        null,
        1,
        2,
        null,
        null,
        1,
        3,
        3,
        3,
        null,
        null,
        1,
        7,
        7,
        null,
        null,
        1,
        5,
        2,
        null,
        null,
        null,
        1,
        3,
        null,
        null,
        1,
        9,
        null,
        null,
        null,
        1,
        1,
        null,
        1,
        1,
        null,
        1,
        39,
        39,
        null,
        null,
        1,
        27,
        null,
        null,
        1,
        9,
        null,
        null,
        1,
        1,
        null,
        null,
        null,
        1,
        1,
        null,
        1,
        null,
        1,
        20,
        20,
        20,
        null,
        null,
        1,
        20,
        null,
        null,
        1,
        6,
        0,
        null,
        null,
        null,
        1,
        8,
        2,
        null,
        6,
        null,
        null,
        null,
        1,
        22,
        null,
        null,
        null,
        1,
        1,
        9,
        null,
        null,
        1,
        3,
        3,
        3,
        3,
        3,
        null,
        null,
        1,
        3,
        3,
        null,
        null,
        1,
        5,
        4,
        null,
        null,
        null,
        null,
        null,
        1,
        1,
        11,
        null,
        null,
        1,
        3,
        3,
        3,
        null,
        null,
        1,
        3,
        3,
        3,
        null,
        null,
        1,
        5,
        4,
        null,
        null,
        null,
        1,
        1,
        13,
        null,
        null,
        1,
        9,
        null,
        null,
        null,
        1,
        1,
        8,
        null,
        null,
        1,
        5,
        5,
        null,
        null,
        1,
        6,
        null,
        null,
        null,
        1,
        1,
        5,
        null,
        null,
        1,
        3,
        null,
        null,
        1,
        4,
        null,
        null,
        null,
        1,
        1,
        23,
        23,
        23,
        null,
        null,
        1,
        20,
        10,
        5,
        null,
        5,
        null,
        null,
        10,
        6,
        null,
        4,
        null,
        null,
        null,
        null,
        1,
        1,
        6,
        null,
        null
      ],
      "/Users/Marthyn/Code/MedischRekenenArcade/app/controllers/application_controller.rb": [
        1,
        null,
        null,
        1,
        1,
        1,
        null,
        1,
        1,
        3,
        4,
        3,
        null,
        null,
        1,
        29,
        12,
        null,
        null,
        null,
        1,
        14,
        14,
        14,
        null,
        null
      ],
      "/Users/Marthyn/Code/MedischRekenenArcade/spec/controllers/challenges_controller_spec.rb": [
        1,
        null,
        1,
        4,
        4,
        4,
        4,
        null,
        1,
        3,
        3,
        3,
        3,
        null,
        null,
        1,
        1,
        1,
        1,
        null,
        null,
        1,
        1,
        1,
        null,
        null,
        null,
        1,
        1,
        1,
        1,
        null,
        null,
        null
      ],
      "/Users/Marthyn/Code/MedischRekenenArcade/app/controllers/challenges_controller.rb": [
        1,
        1,
        1,
        1,
        1,
        1,
        1,
        1,
        1,
        null,
        1,
        1,
        null,
        null,
        1,
        2,
        2,
        null,
        null,
        1,
        1,
        1,
        1,
        1,
        0,
        null,
        1,
        1,
        null,
        null
      ],
      "/Users/Marthyn/Code/MedischRekenenArcade/spec/controllers/friendships_controller_spec.rb": [
        1,
        null,
        1,
        5,
        4,
        2,
        null,
        1,
        1,
        3,
        null,
        null,
        1,
        1,
        1,
        null,
        null,
        1,
        1,
        1,
        1,
        null,
        null,
        null,
        1,
        null,
        null,
        null,
        null,
        1,
        1,
        1,
        1,
        1,
        1,
        1,
        null,
        null,
        null,
        null
      ],
      "/Users/Marthyn/Code/MedischRekenenArcade/app/controllers/friendships_controller.rb": [
        1,
        1,
        1,
        2,
        2,
        2,
        null,
        0,
        null,
        null,
        null,
        1,
        1,
        1,
        1,
        null,
        0,
        null,
        null,
        null,
        1,
        0,
        null,
        null
      ],
      "/Users/Marthyn/Code/MedischRekenenArcade/spec/controllers/home_controller_spec.rb": [
        1,
        null,
        1,
        1,
        1,
        1,
        1,
        null,
        null,
        null,
        null,
        null
      ],
      "/Users/Marthyn/Code/MedischRekenenArcade/app/controllers/home_controller.rb": [
        1,
        1,
        null,
        null,
        null
      ],
      "/Users/Marthyn/Code/MedischRekenenArcade/spec/controllers/leaderboards_controller_spec.rb": [
        1,
        null,
        1,
        3,
        3,
        2,
        2,
        2,
        2,
        2,
        null,
        null,
        1,
        1,
        1,
        null,
        1,
        null,
        1,
        1,
        1,
        null,
        1,
        null,
        1,
        1,
        1,
        1,
        1,
        null,
        1,
        1,
        1,
        1,
        1,
        null,
        1,
        1,
        1,
        1,
        null,
        null,
        1,
        1,
        1,
        1,
        null,
        null,
        1,
        1,
        1,
        1,
        null,
        null,
        null
      ],
      "/Users/Marthyn/Code/MedischRekenenArcade/app/controllers/leaderboards_controller.rb": [
        1,
        1,
        1,
        1,
        2,
        2,
        2,
        2,
        null,
        null,
        1,
        1,
        2,
        null,
        null
      ],
      "/Users/Marthyn/Code/MedischRekenenArcade/lib/redis_leaderboard.rb": [
        1,
        1,
        165,
        null,
        1,
        165,
        null,
        null
      ],
      "/Users/Marthyn/Code/MedischRekenenArcade/spec/controllers/problems_controller_spec.rb": [
        1,
        null,
        1,
        null,
        null
      ],
      "/Users/Marthyn/Code/MedischRekenenArcade/app/controllers/problems_controller.rb": [
        1,
        1,
        1,
        0,
        null,
        null
      ],
      "/Users/Marthyn/Code/MedischRekenenArcade/spec/features/signin_spec.rb": [
        1,
        null,
        1,
        1,
        1,
        1,
        1,
        1,
        1,
        null,
        1,
        1,
        1,
        1,
        1,
        null,
        null
      ],
      "/Users/Marthyn/Code/MedischRekenenArcade/spec/helpers/home_helper_spec.rb": [
        1,
        1,
        1,
        2,
        2,
        2,
        2,
        1,
        1,
        1,
        null,
        null,
        1,
        1,
        null,
        null,
        1,
        1,
        null,
        null,
        1,
        1,
        null,
        null,
        null
      ],
      "/Users/Marthyn/Code/MedischRekenenArcade/spec/lib/answer_handler_spec.rb": [
        1,
        null,
        1,
        1,
        null,
        12,
        8,
        8,
        3,
        2,
        4,
        3,
        2,
        null,
        null,
        null,
        1,
        4,
        4,
        null,
        1,
        1,
        3,
        null,
        null,
        1,
        1,
        null,
        null,
        1,
        1,
        null,
        null,
        1,
        1,
        null,
        null,
        null,
        null,
        1,
        2,
        1,
        1,
        1,
        null,
        null,
        null,
        1,
        2,
        1,
        1,
        1,
        null,
        null,
        2,
        1,
        1,
        1,
        null,
        null,
        null,
        1,
        2,
        1,
        1,
        1,
        null,
        null,
        null,
        3,
        1,
        2,
        1,
        1,
        1,
        null,
        null,
        null,
        1,
        1,
        2,
        1,
        1,
        1,
        null,
        null,
        null,
        null,
        1,
        1,
        1,
        null,
        null,
        1,
        1,
        null,
        null,
        1,
        1,
        null,
        null,
        1,
        null,
        1,
        1,
        1,
        null,
        null,
        1,
        1,
        null,
        null,
        1,
        1,
        1,
        1,
        1,
        null,
        null,
        null,
        1,
        1,
        1,
        1,
        null,
        null,
        null,
        null,
        null,
        1,
        1,
        1,
        null,
        null,
        1,
        1,
        null,
        null,
        null,
        1,
        1,
        1,
        null,
        null,
        null,
        null,
        1,
        4,
        4,
        10,
        10,
        null,
        1,
        1,
        1,
        null,
        null,
        1,
        1,
        null,
        null,
        1,
        1,
        null,
        null,
        null,
        1,
        1,
        1,
        null,
        1,
        4,
        null,
        null,
        1,
        3,
        null,
        1,
        2,
        1,
        1,
        null,
        null,
        null,
        1,
        2,
        1,
        1,
        null,
        null,
        null,
        null,
        1,
        3,
        3,
        null,
        1,
        1,
        1,
        null,
        null,
        null,
        1,
        1,
        1,
        null,
        null,
        null,
        null,
        null,
        1,
        3,
        null,
        1,
        2,
        null,
        1,
        1,
        null,
        null,
        null,
        1,
        2,
        null,
        1,
        1,
        null,
        null,
        null,
        null,
        null,
        null,
        1,
        11,
        1,
        1,
        6,
        null,
        1,
        1,
        null,
        null,
        1,
        1,
        null,
        null,
        1,
        1,
        null,
        null,
        1,
        1,
        null,
        null,
        1,
        1,
        null,
        null,
        null,
        1,
        6,
        1,
        1,
        null,
        null,
        1,
        1,
        null,
        null,
        1,
        1,
        null,
        null,
        1,
        1,
        null,
        null,
        1,
        1,
        null,
        null,
        null,
        null
      ],
      "/Users/Marthyn/Code/MedischRekenenArcade/spec/models/answer_spec.rb": [
        null,
        null,
        null,
        null,
        null,
        null,
        null,
        null,
        null,
        null,
        null,
        null,
        1,
        null,
        1,
        1,
        2,
        2,
        2,
        null,
        null
      ],
      "/Users/Marthyn/Code/MedischRekenenArcade/app/models/answer.rb": [
        null,
        null,
        null,
        null,
        null,
        null,
        null,
        null,
        null,
        null,
        null,
        null,
        1,
        1,
        1,
        1,
        null
      ],
      "/Users/Marthyn/Code/MedischRekenenArcade/spec/models/challenge_skill_spec.rb": [
        null,
        null,
        null,
        null,
        null,
        null,
        null,
        null,
        null,
        null,
        null,
        1,
        null,
        1,
        1,
        2,
        2,
        null,
        null
      ],
      "/Users/Marthyn/Code/MedischRekenenArcade/app/models/challenge_skill.rb": [
        null,
        null,
        null,
        null,
        null,
        null,
        null,
        null,
        null,
        null,
        null,
        1,
        1,
        1,
        null
      ],
      "/Users/Marthyn/Code/MedischRekenenArcade/spec/models/challenge_spec.rb": [
        null,
        null,
        null,
        null,
        null,
        null,
        null,
        null,
        null,
        null,
        null,
        null,
        null,
        null,
        1,
        null,
        1,
        1,
        2,
        2,
        null,
        null
      ],
      "/Users/Marthyn/Code/MedischRekenenArcade/app/models/challenge.rb": [
        null,
        null,
        null,
        null,
        null,
        null,
        null,
        null,
        null,
        null,
        null,
        null,
        null,
        null,
        1,
        1,
        1,
        null
      ],
      "/Users/Marthyn/Code/MedischRekenenArcade/spec/models/friend_spec.rb": [
        1,
        null,
        1,
        1,
        2,
        null,
        null
      ],
      "/Users/Marthyn/Code/MedischRekenenArcade/app/models/friendship.rb": [
        null,
        null,
        null,
        null,
        null,
        null,
        null,
        null,
        null,
        null,
        null,
        1,
        1,
        1,
        null
      ],
      "/Users/Marthyn/Code/MedischRekenenArcade/spec/models/points_spec.rb": [
        1,
        null,
        1,
        5,
        null,
        1,
        2,
        null,
        null,
        1,
        1,
        1,
        1,
        null,
        null,
        1,
        1,
        1,
        null,
        null,
        null,
        1,
        1,
        1,
        1,
        null,
        null,
        1,
        1,
        1,
        null,
        null,
        null,
        null
      ],
      "/Users/Marthyn/Code/MedischRekenenArcade/app/models/point.rb": [
        null,
        null,
        null,
        null,
        null,
        null,
        null,
        null,
        null,
        null,
        null,
        null,
        1,
        1,
        null,
        1,
        null,
        1,
        null,
        1,
        5,
        null,
        null,
        1,
        2,
        null,
        null,
        1,
        18,
        18,
        18,
        null,
        null
      ],
      "/Users/Marthyn/Code/MedischRekenenArcade/spec/models/problem_spec.rb": [
        null,
        null,
        null,
        null,
        null,
        null,
        null,
        null,
        null,
        null,
        null,
        null,
        null,
        null,
        1,
        null,
        1,
        1,
        2,
        2,
        null,
        null,
        null,
        null,
        1,
        1,
        1,
        1,
        1,
        1,
        null,
        null,
        1,
        1,
        1,
        1,
        null,
        null,
        null,
        null
      ],
      "/Users/Marthyn/Code/MedischRekenenArcade/app/models/problem.rb": [
        null,
        null,
        null,
        null,
        null,
        null,
        null,
        null,
        null,
        null,
        null,
        null,
        null,
        null,
        1,
        1,
        1,
        1,
        null,
        1,
        null,
        1,
        32,
        null,
        null,
        1,
        0,
        0,
        0,
        0,
        0,
        0,
        null,
        null,
        0,
        0,
        null,
        0,
        0,
        0,
        0,
        null,
        null,
        1,
        28,
        null,
        null,
        1,
        15,
        15,
        31,
        null,
        31,
        null,
        null,
        null,
        15,
        null,
        null,
        1,
        1,
        1,
        1,
        1,
        null,
        null,
        null,
        null,
        null,
        1,
        null,
        null,
        1,
        16,
        16,
        16,
        32,
        16,
        16,
        null,
        16,
        16,
        null,
        null,
        16,
        16,
        null,
        null
      ],
      "/Users/Marthyn/Code/MedischRekenenArcade/spec/models/skill_spec.rb": [
        null,
        null,
        null,
        null,
        null,
        null,
        null,
        null,
        null,
        null,
        1,
        null,
        1,
        null
      ],
      "/Users/Marthyn/Code/MedischRekenenArcade/app/models/skill.rb": [
        null,
        null,
        null,
        null,
        null,
        null,
        null,
        null,
        null,
        null,
        1,
        1,
        31,
        31,
        31,
        null,
        null
      ],
      "/Users/Marthyn/Code/MedischRekenenArcade/spec/models/step_spec.rb": [
        null,
        null,
        null,
        null,
        null,
        null,
        null,
        null,
        null,
        null,
        null,
        null,
        null,
        null,
        1,
        null,
        1,
        1,
        2,
        2,
        null,
        null,
        5,
        5,
        null,
        1,
        1,
        1,
        1,
        1,
        null,
        null,
        1,
        1,
        1,
        1,
        null,
        null,
        1,
        1,
        1,
        1,
        null,
        null,
        1,
        1,
        1,
        1,
        null,
        null,
        null
      ],
      "/Users/Marthyn/Code/MedischRekenenArcade/app/models/step.rb": [
        null,
        null,
        null,
        null,
        null,
        null,
        null,
        null,
        null,
        null,
        null,
        null,
        null,
        null,
        1,
        1,
        1,
        null,
        1,
        null,
        1,
        36,
        null,
        null,
        1,
        36,
        null,
        30,
        null,
        3,
        null,
        1,
        null,
        1,
        null,
        36,
        null,
        null,
        1,
        88,
        null,
        null,
        1,
        20,
        null,
        null
      ],
      "/Users/Marthyn/Code/MedischRekenenArcade/spec/models/unit_group_spec.rb": [
        null,
        null,
        null,
        null,
        null,
        null,
        null,
        null,
        null,
        null,
        1,
        null,
        1,
        1,
        2,
        null,
        null
      ],
      "/Users/Marthyn/Code/MedischRekenenArcade/app/models/unit_group.rb": [
        null,
        null,
        null,
        null,
        null,
        null,
        null,
        null,
        null,
        null,
        1,
        1,
        null
      ],
      "/Users/Marthyn/Code/MedischRekenenArcade/spec/models/unit_spec.rb": [
        null,
        null,
        null,
        null,
        null,
        null,
        null,
        null,
        null,
        null,
        null,
        null,
        1,
        null,
        1,
        1,
        2,
        null,
        null
      ],
      "/Users/Marthyn/Code/MedischRekenenArcade/app/models/unit.rb": [
        null,
        null,
        null,
        null,
        null,
        null,
        null,
        null,
        null,
        null,
        null,
        null,
        1,
        1,
        null
      ],
      "/Users/Marthyn/Code/MedischRekenenArcade/spec/models/user_challenge_spec.rb": [
        null,
        null,
        null,
        null,
        null,
        null,
        null,
        null,
        null,
        null,
        null,
        null,
        null,
        null,
        1,
        null,
        1,
        1,
        2,
        2,
        null,
        null,
        1,
        1,
        1,
        1,
        1,
        null,
        null,
        null
      ],
      "/Users/Marthyn/Code/MedischRekenenArcade/app/models/user_challenge.rb": [
        null,
        null,
        null,
        null,
        null,
        null,
        null,
        null,
        null,
        null,
        null,
        null,
        null,
        null,
        1,
        1,
        1,
        null
      ],
      "/Users/Marthyn/Code/MedischRekenenArcade/spec/models/user_group_spec.rb": [
        null,
        null,
        null,
        null,
        null,
        null,
        null,
        null,
        null,
        null,
        1,
        null,
        1,
        1,
        2,
        null,
        null
      ],
      "/Users/Marthyn/Code/MedischRekenenArcade/app/models/user_group.rb": [
        null,
        null,
        null,
        null,
        null,
        null,
        null,
        null,
        null,
        null,
        1,
        1,
        null
      ],
      "/Users/Marthyn/Code/MedischRekenenArcade/spec/models/user_skill_spec.rb": [
        null,
        null,
        null,
        null,
        null,
        null,
        null,
        null,
        null,
        null,
        null,
        null,
        1,
        null,
        1,
        1,
        2,
        2,
        null,
        null
      ],
      "/Users/Marthyn/Code/MedischRekenenArcade/app/models/user_skill.rb": [
        null,
        null,
        null,
        null,
        null,
        null,
        null,
        null,
        null,
        null,
        null,
        null,
        1,
        1,
        1,
        null
      ],
      "/Users/Marthyn/Code/MedischRekenenArcade/spec/models/user_spec.rb": [
        null,
        null,
        null,
        null,
        null,
        null,
        null,
        null,
        null,
        null,
        null,
        null,
        null,
        null,
        null,
        null,
        null,
        null,
        null,
        null,
        null,
        null,
        null,
        null,
        null,
        null,
        null,
        1,
        null,
        1,
        1,
        1,
        1,
        null,
        null,
        1,
        2,
        null,
        null,
        1,
        2,
        null,
        null,
        1,
        1,
        1,
        1,
        1,
        1,
        null,
        null
      ],
      "/Users/Marthyn/Code/MedischRekenenArcade/spec/routing/routes_spec.rb": [
        1,
        null,
        1,
        1,
        1,
        1,
        null,
        null,
        null,
        1,
        1,
        1,
        null,
        null,
        1,
        1,
        null,
        null,
        null,
        null,
        null,
        null,
        null,
        1,
        1,
        1,
        null,
        1,
        1,
        null,
        null,
        null,
        null,
        null,
        null,
        null,
        1,
        1,
        1,
        null,
        null,
        null,
        1,
        1,
        1,
        null,
        null,
        null,
        1,
        1,
        1,
        null,
        null,
        null,
        null,
        null
      ],
      "/Users/Marthyn/Code/MedischRekenenArcade/app/controllers/users_controller.rb": [
        1,
        1,
        null,
        1,
        0,
        null,
        null,
        1,
        0,
        null,
        null
      ]
    },
    "timestamp": 1387210975
  }
}
